#
# A fatal error has been detected by the Java Runtime Environment:
#
#  SIGSEGV (0xb) at pc=0x00007fa198e1134a, pid=6052, tid=140331820623616
#
# JRE version: 7.0_21-b02
# Java VM: OpenJDK 64-Bit Server VM (23.7-b01 mixed mode linux-amd64 compressed oops)
# Problematic frame:
# V  [libjvm.so+0x76c34a]  PhaseChaitin::Split(unsigned int)+0x88a
#
# Failed to write core dump. Core dumps have been disabled. To enable core dumping, try "ulimit -c unlimited" before starting Java again
#
# If you would like to submit a bug report, please include
# instructions on how to reproduce the bug and visit:
#   https://bugs.launchpad.net/ubuntu/+source/openjdk-7/
#

---------------  T H R E A D  ---------------

Current thread (0x00007fa1901d4800):  JavaThread "C2 CompilerThread1" daemon [_thread_in_native, id=6063, stack(0x00007fa18c41a000,0x00007fa18c51b000)]

siginfo:si_signo=SIGSEGV: si_errno=0, si_code=1 (SEGV_MAPERR), si_addr=0x0000000020000000

Registers:
RAX=0x00007fa1581e68b0, RBX=0x00007fa1584603e0, RCX=0x00007fa1581ae800, RDX=0x0000000000000000
RSP=0x00007fa18c516a40, RBP=0x00007fa18c516c30, RSI=0x0000000000000010, RDI=0x0000000020000000
R8 =0x00000000000000b0, R9 =0x0000000000000001, R10=0x00007fa158538700, R11=0x000000000000005c
R12=0x00007fa1585551f0, R13=0x00007fa158460338, R14=0x00007fa1586e1ac0, R15=0x000000000000000e
RIP=0x00007fa198e1134a, EFLAGS=0x0000000000010202, CSGSFS=0x0000000000000033, ERR=0x0000000000000004
  TRAPNO=0x000000000000000e

Top of Stack: (sp=0x00007fa18c516a40)
0x00007fa18c516a40:   00007fa1586e4860 00007fa18c516be0
0x00007fa18c516a50:   00007fa100000000 fffffffe0000003d
0x00007fa18c516a60:   000002d900000049 00007fa158607f78
0x00007fa18c516a70:   00007fa100000010 0000000000000000
0x00007fa18c516a80:   00007fa1587f9c48 0101010101010101
0x00007fa18c516a90:   ffffffff00000001 00007fa18c516ee0
0x00007fa18c516aa0:   00007fa18c516fa8 0000000000000010
0x00007fa18c516ab0:   00007fa1586e76b0 00007fa1586e7460
0x00007fa18c516ac0:   00007fa1586e6200 00000001000002d7
0x00007fa18c516ad0:   00007fa158609538 0000000000000000
0x00007fa18c516ae0:   00007fa1586e4ab0 00007fa1586e0150
0x00007fa18c516af0:   000000000001bac0 00007fa1586e66f0
0x00007fa18c516b00:   00007fa1586e1650 00007fa1586e1ac0
0x00007fa18c516b10:   00007fa1586e4860 00007fa1586e64a0
0x00007fa18c516b20:   00007fa1585551f0 00007fa1586e1690
0x00007fa18c516b30:   0000000000000100 0000000020000000
0x00007fa18c516b40:   00007fa100000001 00007fa1000000b0
0x00007fa18c516b50:   0000000000003c80 0000000000000080
0x00007fa18c516b60:   00007fa1586e3190 00007fa1586e6710
0x00007fa18c516b70:   00007fa18c516ee0 0000000000000000
0x00007fa18c516b80:   0000000000000001 0000000000000020
0x00007fa18c516b90:   00007fa100000010 000007e000000049
0x00007fa18c516ba0:   0000008000000049 0000000000000000
0x00007fa18c516bb0:   00007fa1586e18c0 00007fa1900133d0
0x00007fa18c516bc0:   0000000200000000 0000000000000000
0x00007fa18c516bd0:   00007fa1586e0140 000002d900000001
0x00007fa18c516be0:   0000000200000000 0000000000000000
0x00007fa18c516bf0:   00007fa1586e0140 00007fa1585febd0
0x00007fa18c516c00:   00007fa19934a120 00007fa18c516ee0
0x00007fa18c516c10:   00007fa19934a120 00007fa1580013b0
0x00007fa18c516c20:   00007fa18c516c70 00007fa18c516cd0
0x00007fa18c516c30:   00007fa18c516e20 00007fa1989d85ea 

Instructions: (pc=0x00007fa198e1134a)
0x00007fa198e1132a:   10 ff ff ff 00 0f 84 cf 03 00 00 31 db 85 f6 74
0x00007fa198e1133a:   08 49 8b 44 24 20 48 8b 18 48 8b bd 08 ff ff ff
0x00007fa198e1134a:   48 8b 07 ff 50 28 41 8b 7c 24 18 48 89 85 60 ff
0x00007fa198e1135a:   ff ff 31 c0 85 ff 74 08 49 8b 44 24 20 48 8b 00 

Register to memory mapping:

RAX=0x00007fa1581e68b0 is an unknown value
RBX=0x00007fa1584603e0 is an unknown value
RCX=0x00007fa1581ae800 is an unknown value
RDX=0x0000000000000000 is an unknown value
RSP=0x00007fa18c516a40 is pointing into the stack for thread: 0x00007fa1901d4800
RBP=0x00007fa18c516c30 is pointing into the stack for thread: 0x00007fa1901d4800
RSI=0x0000000000000010 is an unknown value
RDI=0x0000000020000000 is an unknown value
R8 =0x00000000000000b0 is an unknown value
R9 =0x0000000000000001 is an unknown value
R10=0x00007fa158538700 is an unknown value
R11=0x000000000000005c is an unknown value
R12=0x00007fa1585551f0 is an unknown value
R13=0x00007fa158460338 is an unknown value
R14=0x00007fa1586e1ac0 is an unknown value
R15=0x000000000000000e is an unknown value


Stack: [0x00007fa18c41a000,0x00007fa18c51b000],  sp=0x00007fa18c516a40,  free space=1010k
Native frames: (J=compiled Java code, j=interpreted, Vv=VM code, C=native code)
V  [libjvm.so+0x76c34a]  PhaseChaitin::Split(unsigned int)+0x88a
V  [libjvm.so+0x3335ea]  PhaseChaitin::Register_Allocate()+0x63a
V  [libjvm.so+0x39da0d]  Compile::Code_Gen()+0x41d
V  [libjvm.so+0x3a31f5]  Compile::Compile(ciEnv*, C2Compiler*, ciMethod*, int, bool, bool)+0xcb5
V  [libjvm.so+0x31a190]  C2Compiler::compile_method(ciEnv*, ciMethod*, int)+0xe0
V  [libjvm.so+0x3a8188]  CompileBroker::invoke_compiler_on_method(CompileTask*)+0x308
V  [libjvm.so+0x3a8ed4]  CompileBroker::compiler_thread_loop()+0x514
V  [libjvm.so+0x817a92]  JavaThread::thread_main_inner()+0xf2
V  [libjvm.so+0x6fa412]  java_start(Thread*)+0xf2


Current CompileTask:
C2:   1853   92             org.mozilla.javascript.Parser::memberExprTail (424 bytes)


---------------  P R O C E S S  ---------------

Java Threads: ( => current thread )
  0x00007fa1901d6800 JavaThread "Service Thread" daemon [_thread_blocked, id=6064, stack(0x00007fa18c319000,0x00007fa18c41a000)]
=>0x00007fa1901d4800 JavaThread "C2 CompilerThread1" daemon [_thread_in_native, id=6063, stack(0x00007fa18c41a000,0x00007fa18c51b000)]
  0x00007fa1901d1800 JavaThread "C2 CompilerThread0" daemon [_thread_in_native, id=6062, stack(0x00007fa18c51b000,0x00007fa18c61c000)]
  0x00007fa1901cf800 JavaThread "Signal Dispatcher" daemon [_thread_blocked, id=6061, stack(0x00007fa18c61c000,0x00007fa18c71d000)]
  0x00007fa190179000 JavaThread "Finalizer" daemon [_thread_blocked, id=6060, stack(0x00007fa18cdfe000,0x00007fa18ceff000)]
  0x00007fa190176800 JavaThread "Reference Handler" daemon [_thread_blocked, id=6059, stack(0x00007fa18ceff000,0x00007fa18d000000)]
  0x00007fa190009000 JavaThread "main" [_thread_in_Java, id=6053, stack(0x00007fa19a076000,0x00007fa19a177000)]

Other Threads:
  0x00007fa19016e000 VMThread [stack: 0x00007fa19401f000,0x00007fa194120000] [id=6058]
  0x00007fa1901e1800 WatcherThread [stack: 0x00007fa18c218000,0x00007fa18c319000] [id=6065]

VM state:not at safepoint (normal execution)

VM Mutex/Monitor currently owned by a thread: None

Heap
 PSYoungGen      total 36672K, used 33487K [0x00000007d7160000, 0x00000007db900000, 0x0000000800000000)
  eden space 31488K, 89% used [0x00000007d7160000,0x00000007d8d078a0,0x00000007d9020000)
  from space 5184K, 99% used [0x00000007d9020000,0x00000007d952c538,0x00000007d9530000)
  to   space 5184K, 0% used [0x00000007db3f0000,0x00000007db3f0000,0x00000007db900000)
 ParOldGen       total 83776K, used 2174K [0x0000000785400000, 0x000000078a5d0000, 0x00000007d7160000)
  object space 83776K, 2% used [0x0000000785400000,0x000000078561fb48,0x000000078a5d0000)
 PSPermGen       total 21248K, used 4024K [0x000000077ae00000, 0x000000077c2c0000, 0x0000000785400000)
  object space 21248K, 18% used [0x000000077ae00000,0x000000077b1ee290,0x000000077c2c0000)

Card table byte_map: [0x00007fa1969d2000,0x00007fa196dfc000] byte_map_base: 0x00007fa192dfb000

Polling page: 0x00007fa19a199000

Code Cache  [0x00007fa18d000000, 0x00007fa18d270000, 0x00007fa190000000)
 total_blobs=296 nmethods=99 adapters=149 free_code_cache=48549Kb largest_free_block=49688064

Compilation events (10 events):
Event: 1.688 Thread 0x00007fa1901d1800 nmethod 93 0x00007fa18d090190 code [0x00007fa18d0902c0, 0x00007fa18d090338]
Event: 1.689 Thread 0x00007fa1901d1800   94             java.lang.AbstractStringBuilder::append (29 bytes)
Event: 1.693 Thread 0x00007fa1901d1800 nmethod 94 0x00007fa18d08fdd0 code [0x00007fa18d08ff20, 0x00007fa18d090048]
Event: 1.693 Thread 0x00007fa1901d1800   95  s          java.lang.StringBuffer::append (8 bytes)
Event: 1.701 Thread 0x00007fa1901d1800 nmethod 95 0x00007fa18d087fd0 code [0x00007fa18d088120, 0x00007fa18d088508]
Event: 1.701 Thread 0x00007fa1901d1800   96             org.mozilla.javascript.Decompiler::appendString (116 bytes)
Event: 1.712 Thread 0x00007fa1901d1800 nmethod 96 0x00007fa18d0878d0 code [0x00007fa18d087a40, 0x00007fa18d087d08]
Event: 1.712 Thread 0x00007fa1901d1800   97             org.mozilla.javascript.Parser::insideFunction (11 bytes)
Event: 1.713 Thread 0x00007fa1901d1800 nmethod 97 0x00007fa18d0876d0 code [0x00007fa18d087800, 0x00007fa18d087878]
Event: 1.726 Thread 0x00007fa1901d1800   98             org.mozilla.javascript.Parser::primaryExpr (1025 bytes)

GC Heap History (2 events):
Event: 0.824 GC heap before
{Heap before GC invocations=1 (full 0):
 PSYoungGen      total 36672K, used 31488K [0x00000007d7160000, 0x00000007d9a40000, 0x0000000800000000)
  eden space 31488K, 100% used [0x00000007d7160000,0x00000007d9020000,0x00000007d9020000)
  from space 5184K, 0% used [0x00000007d9530000,0x00000007d9530000,0x00000007d9a40000)
  to   space 5184K, 0% used [0x00000007d9020000,0x00000007d9020000,0x00000007d9530000)
 ParOldGen       total 83776K, used 0K [0x0000000785400000, 0x000000078a5d0000, 0x00000007d7160000)
  object space 83776K, 0% used [0x0000000785400000,0x0000000785400000,0x000000078a5d0000)
 PSPermGen       total 21248K, used 3046K [0x000000077ae00000, 0x000000077c2c0000, 0x0000000785400000)
  object space 21248K, 14% used [0x000000077ae00000,0x000000077b0f9830,0x000000077c2c0000)
Event: 0.849 GC heap after
Heap after GC invocations=1 (full 0):
 PSYoungGen      total 36672K, used 5169K [0x00000007d7160000, 0x00000007db900000, 0x0000000800000000)
  eden space 31488K, 0% used [0x00000007d7160000,0x00000007d7160000,0x00000007d9020000)
  from space 5184K, 99% used [0x00000007d9020000,0x00000007d952c538,0x00000007d9530000)
  to   space 5184K, 0% used [0x00000007db3f0000,0x00000007db3f0000,0x00000007db900000)
 ParOldGen       total 83776K, used 2174K [0x0000000785400000, 0x000000078a5d0000, 0x00000007d7160000)
  object space 83776K, 2% used [0x0000000785400000,0x000000078561fb48,0x000000078a5d0000)
 PSPermGen       total 21248K, used 3046K [0x000000077ae00000, 0x000000077c2c0000, 0x0000000785400000)
  object space 21248K, 14% used [0x000000077ae00000,0x000000077b0f9830,0x000000077c2c0000)
}

Deoptimization events (2 events):
Event: 0.936 Thread 0x00007fa190009000 Uncommon trap -83 fr.pc 0x00007fa18d07b184
Event: 0.970 Thread 0x00007fa190009000 Uncommon trap 163 fr.pc 0x00007fa18d080cb8

Internal exceptions (10 events):
Event: 0.193 Thread 0x00007fa190009000 Threw 0x00000007d71b23a0 at /build/buildd/openjdk-7-7u21-2.3.9/build/openjdk/hotspot/src/share/vm/prims/jvm.cpp:1166
Event: 0.193 Thread 0x00007fa190009000 Threw 0x00000007d71b24c8 at /build/buildd/openjdk-7-7u21-2.3.9/build/openjdk/hotspot/src/share/vm/prims/jvm.cpp:1166
Event: 0.195 Thread 0x00007fa190009000 Threw 0x00000007d71b6900 at /build/buildd/openjdk-7-7u21-2.3.9/build/openjdk/hotspot/src/share/vm/prims/jvm.cpp:1166
Event: 0.210 Thread 0x00007fa190009000 Threw 0x00000007d71c26e8 at /build/buildd/openjdk-7-7u21-2.3.9/build/openjdk/hotspot/src/share/vm/prims/jvm.cpp:1166
Event: 0.214 Thread 0x00007fa190009000 Threw 0x00000007d71c9cb8 at /build/buildd/openjdk-7-7u21-2.3.9/build/openjdk/hotspot/src/share/vm/prims/jvm.cpp:1166
Event: 0.215 Thread 0x00007fa190009000 Threw 0x00000007d71cfea8 at /build/buildd/openjdk-7-7u21-2.3.9/build/openjdk/hotspot/src/share/vm/prims/jvm.cpp:1166
Event: 0.216 Thread 0x00007fa190009000 Threw 0x00000007d71d2740 at /build/buildd/openjdk-7-7u21-2.3.9/build/openjdk/hotspot/src/share/vm/prims/jvm.cpp:1166
Event: 0.217 Thread 0x00007fa190009000 Threw 0x00000007d71d5b18 at /build/buildd/openjdk-7-7u21-2.3.9/build/openjdk/hotspot/src/share/vm/prims/jvm.cpp:1166
Event: 0.219 Thread 0x00007fa190009000 Threw 0x00000007d71dc1f8 at /build/buildd/openjdk-7-7u21-2.3.9/build/openjdk/hotspot/src/share/vm/prims/jvm.cpp:1166
Event: 0.221 Thread 0x00007fa190009000 Threw 0x00000007d71df350 at /build/buildd/openjdk-7-7u21-2.3.9/build/openjdk/hotspot/src/share/vm/prims/jvm.cpp:1166

Events (10 events):
Event: 1.084 loading class 0x00007fa190261800
Event: 1.084 loading class 0x00007fa190261800 done
Event: 1.085 loading class 0x00007fa19029eca0
Event: 1.085 loading class 0x00007fa19029eca0 done
Event: 1.132 loading class 0x00007fa190053b00
Event: 1.132 loading class 0x00007fa190053b00 done
Event: 1.148 loading class 0x00007fa1900c1fd0
Event: 1.149 loading class 0x00007fa1900c1fd0 done
Event: 1.150 loading class 0x00007fa1902d2a70
Event: 1.150 loading class 0x00007fa1902d2a70 done


Dynamic libraries:
00400000-00401000 r-xp 00000000 08:05 3279287                            /usr/lib/jvm/java-7-openjdk-amd64/jre/bin/java
00600000-00601000 r--p 00000000 08:05 3279287                            /usr/lib/jvm/java-7-openjdk-amd64/jre/bin/java
00601000-00602000 rw-p 00001000 08:05 3279287                            /usr/lib/jvm/java-7-openjdk-amd64/jre/bin/java
01a2c000-01a4d000 rw-p 00000000 00:00 0                                  [heap]
77ae00000-77c2c0000 rw-p 00000000 00:00 0 
77c2c0000-785400000 rw-p 00000000 00:00 0 
785400000-78a5d0000 rw-p 00000000 00:00 0 
78a5d0000-7d7160000 rw-p 00000000 00:00 0 
7d7160000-7db900000 rw-p 00000000 00:00 0 
7db900000-800000000 rw-p 00000000 00:00 0 
7fa150000000-7fa150021000 rw-p 00000000 00:00 0 
7fa150021000-7fa154000000 ---p 00000000 00:00 0 
7fa158000000-7fa1588c5000 rw-p 00000000 00:00 0 
7fa1588c5000-7fa15c000000 ---p 00000000 00:00 0 
7fa15c000000-7fa15c021000 rw-p 00000000 00:00 0 
7fa15c021000-7fa160000000 ---p 00000000 00:00 0 
7fa160000000-7fa160021000 rw-p 00000000 00:00 0 
7fa160021000-7fa164000000 ---p 00000000 00:00 0 
7fa164000000-7fa1645fa000 rw-p 00000000 00:00 0 
7fa1645fa000-7fa168000000 ---p 00000000 00:00 0 
7fa168000000-7fa168021000 rw-p 00000000 00:00 0 
7fa168021000-7fa16c000000 ---p 00000000 00:00 0 
7fa16c000000-7fa16c021000 rw-p 00000000 00:00 0 
7fa16c021000-7fa170000000 ---p 00000000 00:00 0 
7fa170000000-7fa170021000 rw-p 00000000 00:00 0 
7fa170021000-7fa174000000 ---p 00000000 00:00 0 
7fa177d70000-7fa17c000000 rw-p 00000000 00:00 0 
7fa17c000000-7fa17c021000 rw-p 00000000 00:00 0 
7fa17c021000-7fa180000000 ---p 00000000 00:00 0 
7fa180000000-7fa180021000 rw-p 00000000 00:00 0 
7fa180021000-7fa184000000 ---p 00000000 00:00 0 
7fa184000000-7fa184021000 rw-p 00000000 00:00 0 
7fa184021000-7fa188000000 ---p 00000000 00:00 0 
7fa188000000-7fa188021000 rw-p 00000000 00:00 0 
7fa188021000-7fa18c000000 ---p 00000000 00:00 0 
7fa18c0d5000-7fa18c218000 rw-p 00000000 00:00 0 
7fa18c218000-7fa18c219000 ---p 00000000 00:00 0 
7fa18c219000-7fa18c319000 rw-p 00000000 00:00 0                          [stack:6065]
7fa18c319000-7fa18c31c000 ---p 00000000 00:00 0 
7fa18c31c000-7fa18c41a000 rw-p 00000000 00:00 0                          [stack:6064]
7fa18c41a000-7fa18c41d000 ---p 00000000 00:00 0 
7fa18c41d000-7fa18c51b000 rw-p 00000000 00:00 0                          [stack:6063]
7fa18c51b000-7fa18c51e000 ---p 00000000 00:00 0 
7fa18c51e000-7fa18c61c000 rw-p 00000000 00:00 0                          [stack:6062]
7fa18c61c000-7fa18c61f000 ---p 00000000 00:00 0 
7fa18c61f000-7fa18c71d000 rw-p 00000000 00:00 0                          [stack:6061]
7fa18c71d000-7fa18cdfe000 r--p 00000000 08:05 792882                     /usr/lib/locale/locale-archive
7fa18cdfe000-7fa18ce01000 ---p 00000000 00:00 0 
7fa18ce01000-7fa18ceff000 rw-p 00000000 00:00 0                          [stack:6060]
7fa18ceff000-7fa18cf02000 ---p 00000000 00:00 0 
7fa18cf02000-7fa18d000000 rw-p 00000000 00:00 0                          [stack:6059]
7fa18d000000-7fa18d270000 rwxp 00000000 00:00 0 
7fa18d270000-7fa190339000 rw-p 00000000 00:00 0 
7fa190339000-7fa194000000 ---p 00000000 00:00 0 
7fa19401f000-7fa194020000 ---p 00000000 00:00 0 
7fa194020000-7fa19509b000 rw-p 00000000 00:00 0                          [stack:6058]
7fa19509b000-7fa195248000 r--s 01cde000 08:05 3279240                    /usr/lib/jvm/java-7-openjdk-amd64/jre/lib/rt.jar
7fa195248000-7fa1962ec000 rw-p 00000000 00:00 0 
7fa1962ec000-7fa1962ed000 ---p 00000000 00:00 0 
7fa1962ed000-7fa1963ed000 rw-p 00000000 00:00 0                          [stack:6057]
7fa1963ed000-7fa1963ee000 ---p 00000000 00:00 0 
7fa1963ee000-7fa1964ee000 rw-p 00000000 00:00 0                          [stack:6056]
7fa1964ee000-7fa1964ef000 ---p 00000000 00:00 0 
7fa1964ef000-7fa1965ef000 rw-p 00000000 00:00 0                          [stack:6055]
7fa1965ef000-7fa1965f0000 ---p 00000000 00:00 0 
7fa1965f0000-7fa1966fb000 rw-p 00000000 00:00 0                          [stack:6054]
7fa1966fb000-7fa196743000 rw-p 00000000 00:00 0 
7fa196743000-7fa19676c000 rw-p 00000000 00:00 0 
7fa19676c000-7fa1969d2000 rw-p 00000000 00:00 0 
7fa1969d2000-7fa1969dd000 rw-p 00000000 00:00 0 
7fa1969dd000-7fa196a25000 rw-p 00000000 00:00 0 
7fa196a25000-7fa196a4e000 rw-p 00000000 00:00 0 
7fa196a4e000-7fa196cb3000 rw-p 00000000 00:00 0 
7fa196cb3000-7fa196cd8000 rw-p 00000000 00:00 0 
7fa196cd8000-7fa196dfb000 rw-p 00000000 00:00 0 
7fa196dfb000-7fa196dfc000 rw-p 00000000 00:00 0 
7fa196dfc000-7fa196e04000 r-xp 00000000 08:05 3279285                    /usr/lib/jvm/java-7-openjdk-amd64/jre/lib/amd64/libzip.so
7fa196e04000-7fa197003000 ---p 00008000 08:05 3279285                    /usr/lib/jvm/java-7-openjdk-amd64/jre/lib/amd64/libzip.so
7fa197003000-7fa197004000 r--p 00007000 08:05 3279285                    /usr/lib/jvm/java-7-openjdk-amd64/jre/lib/amd64/libzip.so
7fa197004000-7fa197005000 rw-p 00008000 08:05 3279285                    /usr/lib/jvm/java-7-openjdk-amd64/jre/lib/amd64/libzip.so
7fa197005000-7fa197011000 r-xp 00000000 08:05 5246738                    /lib/x86_64-linux-gnu/libnss_files-2.17.so
7fa197011000-7fa197210000 ---p 0000c000 08:05 5246738                    /lib/x86_64-linux-gnu/libnss_files-2.17.so
7fa197210000-7fa197211000 r--p 0000b000 08:05 5246738                    /lib/x86_64-linux-gnu/libnss_files-2.17.so
7fa197211000-7fa197212000 rw-p 0000c000 08:05 5246738                    /lib/x86_64-linux-gnu/libnss_files-2.17.so
7fa197212000-7fa19721d000 r-xp 00000000 08:05 5246742                    /lib/x86_64-linux-gnu/libnss_nis-2.17.so
7fa19721d000-7fa19741c000 ---p 0000b000 08:05 5246742                    /lib/x86_64-linux-gnu/libnss_nis-2.17.so
7fa19741c000-7fa19741d000 r--p 0000a000 08:05 5246742                    /lib/x86_64-linux-gnu/libnss_nis-2.17.so
7fa19741d000-7fa19741e000 rw-p 0000b000 08:05 5246742                    /lib/x86_64-linux-gnu/libnss_nis-2.17.so
7fa19741e000-7fa197435000 r-xp 00000000 08:05 5246732                    /lib/x86_64-linux-gnu/libnsl-2.17.so
7fa197435000-7fa197634000 ---p 00017000 08:05 5246732                    /lib/x86_64-linux-gnu/libnsl-2.17.so
7fa197634000-7fa197635000 r--p 00016000 08:05 5246732                    /lib/x86_64-linux-gnu/libnsl-2.17.so
7fa197635000-7fa197636000 rw-p 00017000 08:05 5246732                    /lib/x86_64-linux-gnu/libnsl-2.17.so
7fa197636000-7fa197638000 rw-p 00000000 00:00 0 
7fa197638000-7fa197640000 r-xp 00000000 08:05 5246734                    /lib/x86_64-linux-gnu/libnss_compat-2.17.so
7fa197640000-7fa19783f000 ---p 00008000 08:05 5246734                    /lib/x86_64-linux-gnu/libnss_compat-2.17.so
7fa19783f000-7fa197840000 r--p 00007000 08:05 5246734                    /lib/x86_64-linux-gnu/libnss_compat-2.17.so
7fa197840000-7fa197841000 rw-p 00008000 08:05 5246734                    /lib/x86_64-linux-gnu/libnss_compat-2.17.so
7fa197841000-7fa19786c000 r-xp 00000000 08:05 3279269                    /usr/lib/jvm/java-7-openjdk-amd64/jre/lib/amd64/libjava.so
7fa19786c000-7fa197a6b000 ---p 0002b000 08:05 3279269                    /usr/lib/jvm/java-7-openjdk-amd64/jre/lib/amd64/libjava.so
7fa197a6b000-7fa197a6c000 r--p 0002a000 08:05 3279269                    /usr/lib/jvm/java-7-openjdk-amd64/jre/lib/amd64/libjava.so
7fa197a6c000-7fa197a6e000 rw-p 0002b000 08:05 3279269                    /usr/lib/jvm/java-7-openjdk-amd64/jre/lib/amd64/libjava.so
7fa197a6e000-7fa197a7d000 r-xp 00000000 08:05 3279268                    /usr/lib/jvm/java-7-openjdk-amd64/jre/lib/amd64/libverify.so
7fa197a7d000-7fa197c7c000 ---p 0000f000 08:05 3279268                    /usr/lib/jvm/java-7-openjdk-amd64/jre/lib/amd64/libverify.so
7fa197c7c000-7fa197c7e000 r--p 0000e000 08:05 3279268                    /usr/lib/jvm/java-7-openjdk-amd64/jre/lib/amd64/libverify.so
7fa197c7e000-7fa197c7f000 rw-p 00010000 08:05 3279268                    /usr/lib/jvm/java-7-openjdk-amd64/jre/lib/amd64/libverify.so
7fa197c7f000-7fa197c86000 r-xp 00000000 08:05 5246785                    /lib/x86_64-linux-gnu/librt-2.17.so
7fa197c86000-7fa197e85000 ---p 00007000 08:05 5246785                    /lib/x86_64-linux-gnu/librt-2.17.so
7fa197e85000-7fa197e86000 r--p 00006000 08:05 5246785                    /lib/x86_64-linux-gnu/librt-2.17.so
7fa197e86000-7fa197e87000 rw-p 00007000 08:05 5246785                    /lib/x86_64-linux-gnu/librt-2.17.so
7fa197e87000-7fa197e9b000 r-xp 00000000 08:05 5246690                    /lib/x86_64-linux-gnu/libgcc_s.so.1
7fa197e9b000-7fa19809b000 ---p 00014000 08:05 5246690                    /lib/x86_64-linux-gnu/libgcc_s.so.1
7fa19809b000-7fa19809c000 r--p 00014000 08:05 5246690                    /lib/x86_64-linux-gnu/libgcc_s.so.1
7fa19809c000-7fa19809d000 rw-p 00015000 08:05 5246690                    /lib/x86_64-linux-gnu/libgcc_s.so.1
7fa19809d000-7fa1981a0000 r-xp 00000000 08:05 5246713                    /lib/x86_64-linux-gnu/libm-2.17.so
7fa1981a0000-7fa1983a0000 ---p 00103000 08:05 5246713                    /lib/x86_64-linux-gnu/libm-2.17.so
7fa1983a0000-7fa1983a1000 r--p 00103000 08:05 5246713                    /lib/x86_64-linux-gnu/libm-2.17.so
7fa1983a1000-7fa1983a2000 rw-p 00104000 08:05 5246713                    /lib/x86_64-linux-gnu/libm-2.17.so
7fa1983a2000-7fa198487000 r-xp 00000000 08:05 794573                     /usr/lib/x86_64-linux-gnu/libstdc++.so.6.0.17
7fa198487000-7fa198686000 ---p 000e5000 08:05 794573                     /usr/lib/x86_64-linux-gnu/libstdc++.so.6.0.17
7fa198686000-7fa19868e000 r--p 000e4000 08:05 794573                     /usr/lib/x86_64-linux-gnu/libstdc++.so.6.0.17
7fa19868e000-7fa198690000 rw-p 000ec000 08:05 794573                     /usr/lib/x86_64-linux-gnu/libstdc++.so.6.0.17
7fa198690000-7fa1986a5000 rw-p 00000000 00:00 0 
7fa1986a5000-7fa1990a0000 r-xp 00000000 08:05 3279274                    /usr/lib/jvm/java-7-openjdk-amd64/jre/lib/amd64/server/libjvm.so
7fa1990a0000-7fa19929f000 ---p 009fb000 08:05 3279274                    /usr/lib/jvm/java-7-openjdk-amd64/jre/lib/amd64/server/libjvm.so
7fa19929f000-7fa19931e000 r--p 009fa000 08:05 3279274                    /usr/lib/jvm/java-7-openjdk-amd64/jre/lib/amd64/server/libjvm.so
7fa19931e000-7fa199341000 rw-p 00a79000 08:05 3279274                    /usr/lib/jvm/java-7-openjdk-amd64/jre/lib/amd64/server/libjvm.so
7fa199341000-7fa19936c000 rw-p 00000000 00:00 0 
7fa19936c000-7fa199382000 r-xp 00000000 08:05 5246818                    /lib/x86_64-linux-gnu/libz.so.1.2.7
7fa199382000-7fa199581000 ---p 00016000 08:05 5246818                    /lib/x86_64-linux-gnu/libz.so.1.2.7
7fa199581000-7fa199582000 r--p 00015000 08:05 5246818                    /lib/x86_64-linux-gnu/libz.so.1.2.7
7fa199582000-7fa199583000 rw-p 00016000 08:05 5246818                    /lib/x86_64-linux-gnu/libz.so.1.2.7
7fa199583000-7fa19959b000 r-xp 00000000 08:05 5246777                    /lib/x86_64-linux-gnu/libpthread-2.17.so
7fa19959b000-7fa19979a000 ---p 00018000 08:05 5246777                    /lib/x86_64-linux-gnu/libpthread-2.17.so
7fa19979a000-7fa19979b000 r--p 00017000 08:05 5246777                    /lib/x86_64-linux-gnu/libpthread-2.17.so
7fa19979b000-7fa19979c000 rw-p 00018000 08:05 5246777                    /lib/x86_64-linux-gnu/libpthread-2.17.so
7fa19979c000-7fa1997a0000 rw-p 00000000 00:00 0 
7fa1997a0000-7fa1997a3000 r-xp 00000000 08:05 5246680                    /lib/x86_64-linux-gnu/libdl-2.17.so
7fa1997a3000-7fa1999a2000 ---p 00003000 08:05 5246680                    /lib/x86_64-linux-gnu/libdl-2.17.so
7fa1999a2000-7fa1999a3000 r--p 00002000 08:05 5246680                    /lib/x86_64-linux-gnu/libdl-2.17.so
7fa1999a3000-7fa1999a4000 rw-p 00003000 08:05 5246680                    /lib/x86_64-linux-gnu/libdl-2.17.so
7fa1999a4000-7fa199b62000 r-xp 00000000 08:05 5246665                    /lib/x86_64-linux-gnu/libc-2.17.so
7fa199b62000-7fa199d61000 ---p 001be000 08:05 5246665                    /lib/x86_64-linux-gnu/libc-2.17.so
7fa199d61000-7fa199d65000 r--p 001bd000 08:05 5246665                    /lib/x86_64-linux-gnu/libc-2.17.so
7fa199d65000-7fa199d67000 rw-p 001c1000 08:05 5246665                    /lib/x86_64-linux-gnu/libc-2.17.so
7fa199d67000-7fa199d6c000 rw-p 00000000 00:00 0 
7fa199d6c000-7fa199d79000 r-xp 00000000 08:05 3279251                    /usr/lib/jvm/java-7-openjdk-amd64/jre/lib/amd64/jli/libjli.so
7fa199d79000-7fa199f78000 ---p 0000d000 08:05 3279251                    /usr/lib/jvm/java-7-openjdk-amd64/jre/lib/amd64/jli/libjli.so
7fa199f78000-7fa199f79000 r--p 0000c000 08:05 3279251                    /usr/lib/jvm/java-7-openjdk-amd64/jre/lib/amd64/jli/libjli.so
7fa199f79000-7fa199f7a000 rw-p 0000d000 08:05 3279251                    /usr/lib/jvm/java-7-openjdk-amd64/jre/lib/amd64/jli/libjli.so
7fa199f7a000-7fa199f9d000 r-xp 00000000 08:05 5246641                    /lib/x86_64-linux-gnu/ld-2.17.so
7fa199fad000-7fa199fb6000 r--s 000c7000 08:05 2107354                    /home/shaun/Public/charisma-beads/yuicompressor-2.4.2.jar
7fa199fb6000-7fa199fc0000 rw-p 00000000 00:00 0 
7fa199fc0000-7fa19a076000 rw-p 00000000 00:00 0 
7fa19a076000-7fa19a079000 ---p 00000000 00:00 0 
7fa19a079000-7fa19a17c000 rw-p 00000000 00:00 0                          [stack:6053]
7fa19a17d000-7fa19a17e000 rw-p 00000000 00:00 0 
7fa19a17e000-7fa19a181000 r--s 0000f000 08:05 3150035                    /usr/lib/jvm/java-7-openjdk-common/jre/lib/ext/pulse-java.jar
7fa19a181000-7fa19a183000 r--s 00012000 08:05 3150034                    /usr/lib/jvm/java-7-openjdk-common/jre/lib/ext/zipfs.jar
7fa19a183000-7fa19a186000 r--s 00032000 08:05 3150032                    /usr/lib/jvm/java-7-openjdk-common/jre/lib/ext/sunjce_provider.jar
7fa19a186000-7fa19a188000 r--s 00006000 08:05 1192595                    /usr/share/java/java-atk-wrapper.jar
7fa19a188000-7fa19a18c000 r--s 00085000 08:05 3150031                    /usr/lib/jvm/java-7-openjdk-common/jre/lib/ext/localedata.jar
7fa19a18c000-7fa19a18f000 r--s 0003c000 08:05 3150030                    /usr/lib/jvm/java-7-openjdk-common/jre/lib/ext/sunpkcs11.jar
7fa19a18f000-7fa19a190000 r--s 00002000 08:05 3150033                    /usr/lib/jvm/java-7-openjdk-common/jre/lib/ext/dnsns.jar
7fa19a190000-7fa19a198000 rw-s 00000000 08:05 5505067                    /tmp/hsperfdata_shaun/6052
7fa19a198000-7fa19a199000 rw-p 00000000 00:00 0 
7fa19a199000-7fa19a19a000 r--p 00000000 00:00 0 
7fa19a19a000-7fa19a19c000 rw-p 00000000 00:00 0 
7fa19a19c000-7fa19a19d000 r--p 00022000 08:05 5246641                    /lib/x86_64-linux-gnu/ld-2.17.so
7fa19a19d000-7fa19a19f000 rw-p 00023000 08:05 5246641                    /lib/x86_64-linux-gnu/ld-2.17.so
7ffff1908000-7ffff1929000 rw-p 00000000 00:00 0                          [stack]
7ffff19fe000-7ffff1a00000 r-xp 00000000 00:00 0                          [vdso]
ffffffffff600000-ffffffffff601000 r-xp 00000000 00:00 0                  [vsyscall]

VM Arguments:
java_command: /home/shaun/Public/charisma-beads/yuicompressor-2.4.2.jar -o charismabeads-compressed.js charismabeads.js
Launcher Type: SUN_STANDARD

Environment Variables:
PATH=/usr/lib/lightdm/lightdm:/usr/local/sbin:/usr/local/bin:/usr/sbin:/usr/bin:/sbin:/bin:/usr/games:/usr/local/games
SHELL=/bin/bash
DISPLAY=:0.0

Signal Handlers:
SIGSEGV: [libjvm.so+0x857ed0], sa_mask[0]=0x7ffbfeff, sa_flags=0x10000004
SIGBUS: [libjvm.so+0x857ed0], sa_mask[0]=0x7ffbfeff, sa_flags=0x10000004
SIGFPE: [libjvm.so+0x6f8ab0], sa_mask[0]=0x7ffbfeff, sa_flags=0x10000004
SIGPIPE: [libjvm.so+0x6f8ab0], sa_mask[0]=0x7ffbfeff, sa_flags=0x10000004
SIGXFSZ: [libjvm.so+0x6f8ab0], sa_mask[0]=0x7ffbfeff, sa_flags=0x10000004
SIGILL: [libjvm.so+0x6f8ab0], sa_mask[0]=0x7ffbfeff, sa_flags=0x10000004
SIGUSR1: SIG_DFL, sa_mask[0]=0x00000000, sa_flags=0x00000000
SIGUSR2: [libjvm.so+0x6f8e80], sa_mask[0]=0x00000000, sa_flags=0x10000004
SIGHUP: [libjvm.so+0x6f8fc0], sa_mask[0]=0x7ffbfeff, sa_flags=0x10000004
SIGINT: [libjvm.so+0x6f8fc0], sa_mask[0]=0x7ffbfeff, sa_flags=0x10000004
SIGTERM: [libjvm.so+0x6f8fc0], sa_mask[0]=0x7ffbfeff, sa_flags=0x10000004
SIGQUIT: [libjvm.so+0x6f8fc0], sa_mask[0]=0x7ffbfeff, sa_flags=0x10000004


---------------  S Y S T E M  ---------------

OS:Ubuntu 13.04 (raring)
uname:Linux 3.8.0-22-generic #33-Ubuntu SMP Thu May 16 15:17:14 UTC 2013 x86_64
libc:glibc 2.17 NPTL 2.17 
rlimit: STACK 8192k, CORE 0k, NPROC 62646, NOFILE 4096, AS infinity
load average:0.65 0.57 0.46

/proc/meminfo:
MemTotal:        8037788 kB
MemFree:         6121036 kB
Buffers:           95204 kB
Cached:           746492 kB
SwapCached:            0 kB
Active:          1024164 kB
Inactive:         537052 kB
Active(anon):     720440 kB
Inactive(anon):    14944 kB
Active(file):     303724 kB
Inactive(file):   522108 kB
Unevictable:          32 kB
Mlocked:              32 kB
SwapTotal:       8388604 kB
SwapFree:        8388604 kB
Dirty:               316 kB
Writeback:             0 kB
AnonPages:        719708 kB
Mapped:           291436 kB
Shmem:             15868 kB
Slab:              70352 kB
SReclaimable:      38064 kB
SUnreclaim:        32288 kB
KernelStack:        4088 kB
PageTables:        33604 kB
NFS_Unstable:          0 kB
Bounce:                0 kB
WritebackTmp:          0 kB
CommitLimit:    12407496 kB
Committed_AS:    4124000 kB
VmallocTotal:   34359738367 kB
VmallocUsed:      304424 kB
VmallocChunk:   34359431548 kB
HardwareCorrupted:     0 kB
AnonHugePages:         0 kB
HugePages_Total:       0
HugePages_Free:        0
HugePages_Rsvd:        0
HugePages_Surp:        0
Hugepagesize:       2048 kB
DirectMap4k:      102400 kB
DirectMap2M:     8146944 kB


CPU:total 4 (2 cores per cpu, 2 threads per core) family 6 model 37 stepping 5, cmov, cx8, fxsr, mmx, sse, sse2, sse3, ssse3, sse4.1, sse4.2, popcnt, ht, tsc, tscinvbit

/proc/cpuinfo:
processor	: 0
vendor_id	: GenuineIntel
cpu family	: 6
model		: 37
model name	: Intel(R) Core(TM) i3 CPU       M 370  @ 2.40GHz
stepping	: 5
microcode	: 0x2
cpu MHz		: 931.000
cache size	: 3072 KB
physical id	: 0
siblings	: 4
core id		: 0
cpu cores	: 2
apicid		: 0
initial apicid	: 0
fpu		: yes
fpu_exception	: yes
cpuid level	: 11
wp		: yes
flags		: fpu vme de pse tsc msr pae mce cx8 apic sep mtrr pge mca cmov pat pse36 clflush dts acpi mmx fxsr sse sse2 ss ht tm pbe syscall nx rdtscp lm constant_tsc arch_perfmon pebs bts rep_good nopl xtopology nonstop_tsc aperfmperf pni dtes64 monitor ds_cpl vmx est tm2 ssse3 cx16 xtpr pdcm pcid sse4_1 sse4_2 popcnt lahf_lm arat dtherm tpr_shadow vnmi flexpriority ept vpid
bogomips	: 4787.96
clflush size	: 64
cache_alignment	: 64
address sizes	: 36 bits physical, 48 bits virtual
power management:

processor	: 1
vendor_id	: GenuineIntel
cpu family	: 6
model		: 37
model name	: Intel(R) Core(TM) i3 CPU       M 370  @ 2.40GHz
stepping	: 5
microcode	: 0x2
cpu MHz		: 931.000
cache size	: 3072 KB
physical id	: 0
siblings	: 4
core id		: 2
cpu cores	: 2
apicid		: 4
initial apicid	: 4
fpu		: yes
fpu_exception	: yes
cpuid level	: 11
wp		: yes
flags		: fpu vme de pse tsc msr pae mce cx8 apic sep mtrr pge mca cmov pat pse36 clflush dts acpi mmx fxsr sse sse2 ss ht tm pbe syscall nx rdtscp lm constant_tsc arch_perfmon pebs bts rep_good nopl xtopology nonstop_tsc aperfmperf pni dtes64 monitor ds_cpl vmx est tm2 ssse3 cx16 xtpr pdcm pcid sse4_1 sse4_2 popcnt lahf_lm arat dtherm tpr_shadow vnmi flexpriority ept vpid
bogomips	: 4787.96
clflush size	: 64
cache_alignment	: 64
address sizes	: 36 bits physical, 48 bits virtual
power management:

processor	: 2
vendor_id	: GenuineIntel
cpu family	: 6
model		: 37
model name	: Intel(R) Core(TM) i3 CPU       M 370  @ 2.40GHz
stepping	: 5
microcode	: 0x2
cpu MHz		: 931.000
cache size	: 3072 KB
physical id	: 0
siblings	: 4
core id		: 0
cpu cores	: 2
apicid		: 1
initial apicid	: 1
fpu		: yes
fpu_exception	: yes
cpuid level	: 11
wp		: yes
flags		: fpu vme de pse tsc msr pae mce cx8 apic sep mtrr pge mca cmov pat pse36 clflush dts acpi mmx fxsr sse sse2 ss ht tm pbe syscall nx rdtscp lm constant_tsc arch_perfmon pebs bts rep_good nopl xtopology nonstop_tsc aperfmperf pni dtes64 monitor ds_cpl vmx est tm2 ssse3 cx16 xtpr pdcm pcid sse4_1 sse4_2 popcnt lahf_lm arat dtherm tpr_shadow vnmi flexpriority ept vpid
bogomips	: 4787.96
clflush size	: 64
cache_alignment	: 64
address sizes	: 36 bits physical, 48 bits virtual
power management:

processor	: 3
vendor_id	: GenuineIntel
cpu family	: 6
model		: 37
model name	: Intel(R) Core(TM) i3 CPU       M 370  @ 2.40GHz
stepping	: 5
microcode	: 0x2
cpu MHz		: 931.000
cache size	: 3072 KB
physical id	: 0
siblings	: 4
core id		: 2
cpu cores	: 2
apicid		: 5
initial apicid	: 5
fpu		: yes
fpu_exception	: yes
cpuid level	: 11
wp		: yes
flags		: fpu vme de pse tsc msr pae mce cx8 apic sep mtrr pge mca cmov pat pse36 clflush dts acpi mmx fxsr sse sse2 ss ht tm pbe syscall nx rdtscp lm constant_tsc arch_perfmon pebs bts rep_good nopl xtopology nonstop_tsc aperfmperf pni dtes64 monitor ds_cpl vmx est tm2 ssse3 cx16 xtpr pdcm pcid sse4_1 sse4_2 popcnt lahf_lm arat dtherm tpr_shadow vnmi flexpriority ept vpid
bogomips	: 4787.96
clflush size	: 64
cache_alignment	: 64
address sizes	: 36 bits physical, 48 bits virtual
power management:



Memory: 4k page, physical 8037788k(6121036k free), swap 8388604k(8388604k free)

vm_info: OpenJDK 64-Bit Server VM (23.7-b01) for linux-amd64 JRE (1.7.0_21-b02), built on Apr 22 2013 07:43:15 by "buildd" with gcc 4.7.3

time: Sat Jun  1 16:07:03 2013
elapsed time: 1 seconds

